# JRE version: OpenJDK Runtime Environment (8.0_202-b03) (build 1.8.0_202-release-1483-b03)
# Java VM: OpenJDK 64-Bit Server VM (25.202-b03 mixed mode windows-amd64 compressed oops)
Heap:
 PSYoungGen      total 120320K, used 70397K [0x00000000e0000000, 0x00000000e8100000, 0x0000000100000000)
  eden space 109568K, 64% used [0x00000000e0000000,0x00000000e44bf6e0,0x00000000e6b00000)
  from space 10752K, 0% used [0x00000000e6b00000,0x00000000e6b00000,0x00000000e7580000)
  to   space 10752K, 0% used [0x00000000e7580000,0x00000000e7580000,0x00000000e8000000)
 ParOldGen       total 88576K, used 18329K [0x00000000a0000000, 0x00000000a5680000, 0x00000000e0000000)
  object space 88576K, 20% used [0x00000000a0000000,0x00000000a11e6780,0x00000000a5680000)
 Metaspace       used 42678K, capacity 43620K, committed 44032K, reserved 1087488K
  class space    used 5772K, capacity 6030K, committed 6144K, reserved 1048576K
GC Heap History (10 events):
Event: 4.415 GC heap before
{Heap before GC invocations=7 (full 1):
 PSYoungGen      total 76288K, used 7557K [0x00000000e0000000, 0x00000000e5500000, 0x0000000100000000)
  eden space 65536K, 0% used [0x00000000e0000000,0x00000000e0000000,0x00000000e4000000)
  from space 10752K, 70% used [0x00000000e4a80000,0x00000000e51e16a0,0x00000000e5500000)
  to   space 10752K, 0% used [0x00000000e4000000,0x00000000e4000000,0x00000000e4a80000)
 ParOldGen       total 86016K, used 9107K [0x00000000a0000000, 0x00000000a5400000, 0x00000000e0000000)
  object space 86016K, 10% used [0x00000000a0000000,0x00000000a08e4cc8,0x00000000a5400000)
 Metaspace       used 20676K, capacity 21150K, committed 21296K, reserved 1067008K
  class space    used 2957K, capacity 3123K, committed 3200K, reserved 1048576K
Event: 4.454 GC heap after
Heap after GC invocations=7 (full 1):
 PSYoungGen      total 76288K, used 0K [0x00000000e0000000, 0x00000000e5500000, 0x0000000100000000)
  eden space 65536K, 0% used [0x00000000e0000000,0x00000000e0000000,0x00000000e4000000)
  from space 10752K, 0% used [0x00000000e4a80000,0x00000000e4a80000,0x00000000e5500000)
  to   space 10752K, 0% used [0x00000000e4000000,0x00000000e4000000,0x00000000e4a80000)
 ParOldGen       total 56832K, used 9251K [0x00000000a0000000, 0x00000000a3780000, 0x00000000e0000000)
  object space 56832K, 16% used [0x00000000a0000000,0x00000000a0908fb0,0x00000000a3780000)
 Metaspace       used 20676K, capacity 21150K, committed 21296K, reserved 1067008K
  class space    used 2957K, capacity 3123K, committed 3200K, reserved 1048576K
}
Event: 5.535 GC heap before
{Heap before GC invocations=8 (full 1):
 PSYoungGen      total 76288K, used 65536K [0x00000000e0000000, 0x00000000e5500000, 0x0000000100000000)
  eden space 65536K, 100% used [0x00000000e0000000,0x00000000e4000000,0x00000000e4000000)
  from space 10752K, 0% used [0x00000000e4a80000,0x00000000e4a80000,0x00000000e5500000)
  to   space 10752K, 0% used [0x00000000e4000000,0x00000000e4000000,0x00000000e4a80000)
 ParOldGen       total 56832K, used 9251K [0x00000000a0000000, 0x00000000a3780000, 0x00000000e0000000)
  object space 56832K, 16% used [0x00000000a0000000,0x00000000a0908fb0,0x00000000a3780000)
 Metaspace       used 29062K, capacity 29618K, committed 30080K, reserved 1075200K
  class space    used 3920K, capacity 4100K, committed 4224K, reserved 1048576K
Event: 5.542 GC heap after
Heap after GC invocations=8 (full 1):
 PSYoungGen      total 76288K, used 8131K [0x00000000e0000000, 0x00000000e8000000, 0x0000000100000000)
  eden space 65536K, 0% used [0x00000000e0000000,0x00000000e0000000,0x00000000e4000000)
  from space 10752K, 75% used [0x00000000e4000000,0x00000000e47f0f90,0x00000000e4a80000)
  to   space 10752K, 0% used [0x00000000e7580000,0x00000000e7580000,0x00000000e8000000)
 ParOldGen       total 56832K, used 9259K [0x00000000a0000000, 0x00000000a3780000, 0x00000000e0000000)
  object space 56832K, 16% used [0x00000000a0000000,0x00000000a090afb0,0x00000000a3780000)
 Metaspace       used 29062K, capacity 29618K, committed 30080K, reserved 1075200K
  class space    used 3920K, capacity 4100K, committed 4224K, reserved 1048576K
}
Event: 6.447 GC heap before
{Heap before GC invocations=9 (full 1):
 PSYoungGen      total 76288K, used 73667K [0x00000000e0000000, 0x00000000e8000000, 0x0000000100000000)
  eden space 65536K, 100% used [0x00000000e0000000,0x00000000e4000000,0x00000000e4000000)
  from space 10752K, 75% used [0x00000000e4000000,0x00000000e47f0f90,0x00000000e4a80000)
  to   space 10752K, 0% used [0x00000000e7580000,0x00000000e7580000,0x00000000e8000000)
 ParOldGen       total 56832K, used 9259K [0x00000000a0000000, 0x00000000a3780000, 0x00000000e0000000)
  object space 56832K, 16% used [0x00000000a0000000,0x00000000a090afb0,0x00000000a3780000)
 Metaspace       used 32315K, capacity 32918K, committed 33152K, reserved 1077248K
  class space    used 4449K, capacity 4624K, committed 4736K, reserved 1048576K
Event: 6.467 GC heap after
Heap after GC invocations=9 (full 1):
 PSYoungGen      total 120320K, used 8650K [0x00000000e0000000, 0x00000000e8100000, 0x0000000100000000)
  eden space 109568K, 0% used [0x00000000e0000000,0x00000000e0000000,0x00000000e6b00000)
  from space 10752K, 80% used [0x00000000e7580000,0x00000000e7df2aa0,0x00000000e8000000)
  to   space 10752K, 0% used [0x00000000e6b00000,0x00000000e6b00000,0x00000000e7580000)
 ParOldGen       total 56832K, used 9267K [0x00000000a0000000, 0x00000000a3780000, 0x00000000e0000000)
  object space 56832K, 16% used [0x00000000a0000000,0x00000000a090cfb0,0x00000000a3780000)
 Metaspace       used 32315K, capacity 32918K, committed 33152K, reserved 1077248K
  class space    used 4449K, capacity 4624K, committed 4736K, reserved 1048576K
}
Event: 7.708 GC heap before
{Heap before GC invocations=10 (full 1):
 PSYoungGen      total 120320K, used 61484K [0x00000000e0000000, 0x00000000e8100000, 0x0000000100000000)
  eden space 109568K, 48% used [0x00000000e0000000,0x00000000e3398688,0x00000000e6b00000)
  from space 10752K, 80% used [0x00000000e7580000,0x00000000e7df2aa0,0x00000000e8000000)
  to   space 10752K, 0% used [0x00000000e6b00000,0x00000000e6b00000,0x00000000e7580000)
 ParOldGen       total 56832K, used 9267K [0x00000000a0000000, 0x00000000a3780000, 0x00000000e0000000)
  object space 56832K, 16% used [0x00000000a0000000,0x00000000a090cfb0,0x00000000a3780000)
 Metaspace       used 34689K, capacity 35454K, committed 35496K, reserved 1079296K
  class space    used 4784K, capacity 4981K, committed 4992K, reserved 1048576K
Event: 7.727 GC heap after
Heap after GC invocations=10 (full 1):
 PSYoungGen      total 120320K, used 10728K [0x00000000e0000000, 0x00000000e8100000, 0x0000000100000000)
  eden space 109568K, 0% used [0x00000000e0000000,0x00000000e0000000,0x00000000e6b00000)
  from space 10752K, 99% used [0x00000000e6b00000,0x00000000e757a168,0x00000000e7580000)
  to   space 10752K, 0% used [0x00000000e7580000,0x00000000e7580000,0x00000000e8000000)
 ParOldGen       total 56832K, used 9808K [0x00000000a0000000, 0x00000000a3780000, 0x00000000e0000000)
  object space 56832K, 17% used [0x00000000a0000000,0x00000000a09943e8,0x00000000a3780000)
 Metaspace       used 34689K, capacity 35454K, committed 35496K, reserved 1079296K
  class space    used 4784K, capacity 4981K, committed 4992K, reserved 1048576K
}
Event: 7.727 GC heap before
{Heap before GC invocations=11 (full 2):
 PSYoungGen      total 120320K, used 10728K [0x00000000e0000000, 0x00000000e8100000, 0x0000000100000000)
  eden space 109568K, 0% used [0x00000000e0000000,0x00000000e0000000,0x00000000e6b00000)
  from space 10752K, 99% used [0x00000000e6b00000,0x00000000e757a168,0x00000000e7580000)
  to   space 10752K, 0% used [0x00000000e7580000,0x00000000e7580000,0x00000000e8000000)
 ParOldGen       total 56832K, used 9808K [0x00000000a0000000, 0x00000000a3780000, 0x00000000e0000000)
  object space 56832K, 17% used [0x00000000a0000000,0x00000000a09943e8,0x00000000a3780000)
 Metaspace       used 34689K, capacity 35454K, committed 35496K, reserved 1079296K
  class space    used 4784K, capacity 4981K, committed 4992K, reserved 1048576K
Event: 7.836 GC heap after
Heap after GC invocations=11 (full 2):
 PSYoungGen      total 120320K, used 0K [0x00000000e0000000, 0x00000000e8100000, 0x0000000100000000)
  eden space 109568K, 0% used [0x00000000e0000000,0x00000000e0000000,0x00000000e6b00000)
  from space 10752K, 0% used [0x00000000e6b00000,0x00000000e6b00000,0x00000000e7580000)
  to   space 10752K, 0% used [0x00000000e7580000,0x00000000e7580000,0x00000000e8000000)
 ParOldGen       total 88576K, used 18329K [0x00000000a0000000, 0x00000000a5680000, 0x00000000e0000000)
  object space 88576K, 20% used [0x00000000a0000000,0x00000000a11e6780,0x00000000a5680000)
 Metaspace       used 34646K, capacity 35310K, committed 35496K, reserved 1079296K
  class space    used 4771K, capacity 4957K, committed 4992K, reserved 1048576K
}

